{"level":"info","message":"404","timestamp":"2017-08-24T03:57:14.559Z"}
{"0":{"id":1,"name":"游客"},"level":"info","message":"query()","timestamp":"2017-08-24T06:57:46.338Z"}
{"0":{"id":1,"name":"游客"},"level":"info","message":"query()","timestamp":"2017-08-24T06:58:47.305Z"}
{"0":{"id":1,"name":"游客"},"level":"info","message":"query()","timestamp":"2017-08-24T06:59:33.616Z"}
{"0":{"id":1,"name":"游客"},"level":"info","message":"query()","timestamp":"2017-08-24T07:00:03.137Z"}
{"level":"info","message":"404","timestamp":"2017-08-25T04:23:24.973Z"}
{"0":{"id":1,"name":"游客"},"level":"info","message":"query()","timestamp":"2017-08-26T09:02:49.268Z"}
{"0":{"id":1,"name":"游客"},"level":"info","message":"query()","timestamp":"2017-08-26T09:03:42.102Z"}
{"0":{"id":1,"name":"游客"},"level":"info","message":"query()","timestamp":"2017-08-26T09:04:39.458Z"}
{"0":{"id":1,"name":"游客"},"level":"info","message":"query()","timestamp":"2017-08-26T09:05:01.620Z"}
{"0":{"id":1,"name":"游客"},"level":"info","message":"query()","timestamp":"2017-08-26T09:05:50.890Z"}
{"0":{"id":1,"name":"游客"},"level":"info","message":"query()","timestamp":"2017-08-26T09:06:07.675Z"}
{"0":{"id":1,"name":"游客"},"level":"info","message":"query()","timestamp":"2017-08-26T09:06:13.524Z"}
{"0":{"id":1,"name":"游客"},"level":"info","message":"query()","timestamp":"2017-08-26T09:07:13.834Z"}
{"0":{"id":1,"name":"游客"},"level":"info","message":"query()","timestamp":"2017-08-26T11:49:10.748Z"}
{"0":{"id":1,"name":"游客"},"level":"info","message":"query()","timestamp":"2017-08-26T11:49:36.137Z"}
{"0":{"id":1,"name":"游客"},"level":"info","message":"query()","timestamp":"2017-08-26T11:51:27.697Z"}
{"level":"info","message":"testService::test() >  151 ms","timestamp":"2017-08-26T11:51:27.703Z"}
{"0":{"id":1,"name":"游客"},"level":"info","message":"query()","timestamp":"2017-08-26T11:52:24.385Z"}
{"level":"info","message":"testService::test() >  116 ms","timestamp":"2017-08-26T11:52:24.392Z"}
{"0":{"id":1,"name":"游客"},"level":"info","message":"query()","timestamp":"2017-08-26T11:53:00.370Z"}
{"level":"info","message":"testService::test() >  170 ms","timestamp":"2017-08-26T11:53:00.380Z"}
{"level":"info","message":"404","timestamp":"2017-08-26T12:03:59.736Z"}
{"level":"info","message":"404","timestamp":"2017-08-26T12:03:59.785Z"}
{"level":"info","message":"/test/test requestId>","timestamp":"2017-08-26T12:06:10.957Z"}
{"level":"info","message":"queryEscape() \n      SELECT\n        *\n      FROM\n        test_table\n    ","timestamp":"2017-08-26T12:06:10.961Z"}
{"level":"info","message":"testDao::getAllData() >  21 ms","timestamp":"2017-08-26T12:06:10.981Z"}
{"0":{"id":1,"name":"游客"},"level":"info","message":"query()","timestamp":"2017-08-26T12:06:11.018Z"}
{"level":"info","message":"testService::test() >  60 ms","timestamp":"2017-08-26T12:06:11.020Z"}
{"level":"info","message":"/test/test requestId>","timestamp":"2017-08-26T12:07:44.908Z"}
{"level":"info","message":"queryEscape() \n      SELECT\n        *\n      FROM\n        test_table\n    ","timestamp":"2017-08-26T12:07:44.913Z"}
{"level":"info","message":"testDao::getAllData() >  23 ms","timestamp":"2017-08-26T12:07:44.936Z"}
{"0":{"id":1,"name":"游客"},"level":"info","message":"query()","timestamp":"2017-08-26T12:07:44.993Z"}
{"level":"info","message":"testService::test() >  85 ms","timestamp":"2017-08-26T12:07:44.997Z"}
{"level":"info","message":"TestRouter::getTest() >  95 ms","timestamp":"2017-08-26T12:07:45.007Z"}
{"level":"info","message":"/test/test requestId>","timestamp":"2017-08-26T12:07:45.086Z"}
{"level":"info","message":"queryEscape() \n      SELECT\n        *\n      FROM\n        test_table\n    ","timestamp":"2017-08-26T12:07:45.087Z"}
{"level":"info","message":"testDao::getAllData() >  4 ms","timestamp":"2017-08-26T12:07:45.092Z"}
{"0":{"id":1,"name":"游客"},"level":"info","message":"query()","timestamp":"2017-08-26T12:07:45.095Z"}
{"level":"info","message":"testService::test() >  8 ms","timestamp":"2017-08-26T12:07:45.095Z"}
{"level":"info","message":"TestRouter::getTest() >  11 ms","timestamp":"2017-08-26T12:07:45.097Z"}
{"level":"info","message":"404","timestamp":"2017-08-26T12:17:30.469Z"}
{"level":"info","message":"/test/test requestId>","timestamp":"2017-08-27T15:54:34.706Z"}
{"level":"info","message":"queryEscape() \n      SELECT\n        *\n      FROM\n        test_table\n    ","timestamp":"2017-08-27T15:54:34.727Z"}
{"level":"info","message":"testDao::getAllData() >  79 ms","timestamp":"2017-08-27T15:54:34.808Z"}
{"level":"info","message":"404","timestamp":"2017-08-27T15:54:34.830Z"}
{"0":{"id":1,"name":"游客"},"level":"info","message":"query()","timestamp":"2017-08-27T15:54:34.981Z"}
{"level":"info","message":"testService::test() >  258 ms","timestamp":"2017-08-27T15:54:34.984Z"}
{"level":"info","message":"TestRouter::getTest() >  283 ms","timestamp":"2017-08-27T15:54:35.005Z"}
{"level":"info","message":"/test/test requestId>","timestamp":"2017-08-28T02:07:19.410Z"}
{"level":"info","message":"queryEscape() \n      SELECT\n        *\n      FROM\n        test_table\n    ","timestamp":"2017-08-28T02:07:19.411Z"}
{"level":"info","message":"testDao::getAllData() >  3 ms","timestamp":"2017-08-28T02:07:19.414Z"}
{"level":"info","message":"404","timestamp":"2017-08-28T02:07:19.417Z"}
{"0":{"id":1,"name":"游客"},"level":"info","message":"query()","timestamp":"2017-08-28T02:07:19.427Z"}
{"level":"info","message":"testService::test() >  17 ms","timestamp":"2017-08-28T02:07:19.428Z"}
{"level":"info","message":"TestRouter::getTest() >  19 ms","timestamp":"2017-08-28T02:07:19.430Z"}
{"level":"info","message":"/test/insert requestId>","timestamp":"2017-08-28T02:38:37.807Z"}
{"level":"info","message":"queryEscape() \n      INSERT INTO\n        test_table\n        (name)\n      VALUES\n        (:name)\n    ","timestamp":"2017-08-28T02:38:37.810Z"}
{"level":"info","message":"testDao::insertUser() >  15 ms","timestamp":"2017-08-28T02:38:37.825Z"}
{"message":"error in mysql query()","stack":"Error: ER_PARSE_ERROR: You have an error in your SQL syntax; check the manual that corresponds to your MySQL server version for the right syntax to use near ':name)' at line 2\n    at Query.Sequence._packetToError (/Users/xingbofeng/workspace/myserver/node_modules/.2.14.1@mysql/lib/protocol/sequences/Sequence.js:52:14)\n    at Query.ErrorPacket (/Users/xingbofeng/workspace/myserver/node_modules/.2.14.1@mysql/lib/protocol/sequences/Query.js:77:18)\n    at Protocol._parsePacket (/Users/xingbofeng/workspace/myserver/node_modules/.2.14.1@mysql/lib/protocol/Protocol.js:279:23)\n    at Parser.write (/Users/xingbofeng/workspace/myserver/node_modules/.2.14.1@mysql/lib/protocol/Parser.js:76:12)\n    at Protocol.write (/Users/xingbofeng/workspace/myserver/node_modules/.2.14.1@mysql/lib/protocol/Protocol.js:39:16)\n    at Socket.<anonymous> (/Users/xingbofeng/workspace/myserver/node_modules/.2.14.1@mysql/lib/Connection.js:103:28)\n    at emitOne (events.js:115:13)\n    at Socket.emit (events.js:210:7)\n    at addChunk (_stream_readable.js:252:12)\n    at readableAddChunk (_stream_readable.js:239:11)\n    at Socket.Readable.push (_stream_readable.js:197:10)\n    at TCP.onread (net.js:589:20)\n    --------------------\n    at Pool.query (/Users/xingbofeng/workspace/myserver/node_modules/.2.14.1@mysql/lib/Pool.js:199:23)\n    at Promise (/Users/xingbofeng/workspace/myserver/util/db_util.js:59:17)\n    at Promise (<anonymous>)\n    at DbUtil.query (/Users/xingbofeng/workspace/myserver/util/db_util.js:58:12)\n    at DbUtil.queryEscape (/Users/xingbofeng/workspace/myserver/util/db_util.js:54:17)\n    at testDao.insertUser (/Users/xingbofeng/workspace/myserver/dao/test_dao.js:20:19)\n    at testDao.<anonymous> (/Users/xingbofeng/workspace/myserver/framework/base/base_class.js:35:27)\n    at testService.insert (/Users/xingbofeng/workspace/myserver/service/test_service.js:10:26)\n    at testService.<anonymous> (/Users/xingbofeng/workspace/myserver/framework/base/base_class.js:28:33)\n    at TestRouter.getInsert (/Users/xingbofeng/workspace/myserver/router/test_router.js:13:34)\n    at TestRouter.<anonymous> (/Users/xingbofeng/workspace/myserver/framework/base/base_class.js:28:33)\n    at dispatch (/Users/xingbofeng/workspace/myserver/node_modules/.3.2.1@koa-compose/index.js:44:32)\n    at next (/Users/xingbofeng/workspace/myserver/node_modules/.3.2.1@koa-compose/index.js:45:18)\n    at /Users/xingbofeng/workspace/myserver/node_modules/.7.2.1@koa-router/lib/router.js:345:16\n    at dispatch (/Users/xingbofeng/workspace/myserver/node_modules/.3.2.1@koa-compose/index.js:44:32)\n    at next (/Users/xingbofeng/workspace/myserver/node_modules/.3.2.1@koa-compose/index.js:45:18)","code":"ER_PARSE_ERROR","errno":1064,"sqlMessage":"You have an error in your SQL syntax; check the manual that corresponds to your MySQL server version for the right syntax to use near ':name)' at line 2","sqlState":"42000","index":0,"sql":"\n      INSERT INTO\n        test_table\n        (name)\n      VALUES\n        (:name)\n    ","level":"error","timestamp":"2017-08-28T02:38:37.853Z"}
{"level":"info","message":"/test/insert requestId>","timestamp":"2017-08-28T02:40:42.682Z"}
{"level":"info","message":"queryEscape() \n      INSERT INTO\n        test_table\n        (name)\n      VALUES\n        (:name)\n    ","timestamp":"2017-08-28T02:40:42.683Z"}
{"level":"info","message":"testDao::insertUser() >  5 ms","timestamp":"2017-08-28T02:40:42.688Z"}
{"message":"error in mysql query()","stack":"Error: ER_PARSE_ERROR: You have an error in your SQL syntax; check the manual that corresponds to your MySQL server version for the right syntax to use near ':name)' at line 2\n    at Query.Sequence._packetToError (/Users/xingbofeng/workspace/myserver/node_modules/.2.14.1@mysql/lib/protocol/sequences/Sequence.js:52:14)\n    at Query.ErrorPacket (/Users/xingbofeng/workspace/myserver/node_modules/.2.14.1@mysql/lib/protocol/sequences/Query.js:77:18)\n    at Protocol._parsePacket (/Users/xingbofeng/workspace/myserver/node_modules/.2.14.1@mysql/lib/protocol/Protocol.js:279:23)\n    at Parser.write (/Users/xingbofeng/workspace/myserver/node_modules/.2.14.1@mysql/lib/protocol/Parser.js:76:12)\n    at Protocol.write (/Users/xingbofeng/workspace/myserver/node_modules/.2.14.1@mysql/lib/protocol/Protocol.js:39:16)\n    at Socket.<anonymous> (/Users/xingbofeng/workspace/myserver/node_modules/.2.14.1@mysql/lib/Connection.js:103:28)\n    at emitOne (events.js:115:13)\n    at Socket.emit (events.js:210:7)\n    at addChunk (_stream_readable.js:252:12)\n    at readableAddChunk (_stream_readable.js:239:11)\n    at Socket.Readable.push (_stream_readable.js:197:10)\n    at TCP.onread (net.js:589:20)\n    --------------------\n    at Pool.query (/Users/xingbofeng/workspace/myserver/node_modules/.2.14.1@mysql/lib/Pool.js:199:23)\n    at Promise (/Users/xingbofeng/workspace/myserver/util/db_util.js:59:17)\n    at Promise (<anonymous>)\n    at DbUtil.query (/Users/xingbofeng/workspace/myserver/util/db_util.js:58:12)\n    at DbUtil.queryEscape (/Users/xingbofeng/workspace/myserver/util/db_util.js:54:17)\n    at testDao.insertUser (/Users/xingbofeng/workspace/myserver/dao/test_dao.js:20:19)\n    at testDao.<anonymous> (/Users/xingbofeng/workspace/myserver/framework/base/base_class.js:35:27)\n    at testService.insert (/Users/xingbofeng/workspace/myserver/service/test_service.js:10:26)\n    at testService.<anonymous> (/Users/xingbofeng/workspace/myserver/framework/base/base_class.js:28:33)\n    at TestRouter.getInsert (/Users/xingbofeng/workspace/myserver/router/test_router.js:13:34)\n    at TestRouter.<anonymous> (/Users/xingbofeng/workspace/myserver/framework/base/base_class.js:28:33)\n    at dispatch (/Users/xingbofeng/workspace/myserver/node_modules/.3.2.1@koa-compose/index.js:44:32)\n    at next (/Users/xingbofeng/workspace/myserver/node_modules/.3.2.1@koa-compose/index.js:45:18)\n    at /Users/xingbofeng/workspace/myserver/node_modules/.7.2.1@koa-router/lib/router.js:345:16\n    at dispatch (/Users/xingbofeng/workspace/myserver/node_modules/.3.2.1@koa-compose/index.js:44:32)\n    at next (/Users/xingbofeng/workspace/myserver/node_modules/.3.2.1@koa-compose/index.js:45:18)","code":"ER_PARSE_ERROR","errno":1064,"sqlMessage":"You have an error in your SQL syntax; check the manual that corresponds to your MySQL server version for the right syntax to use near ':name)' at line 2","sqlState":"42000","index":0,"sql":"\n      INSERT INTO\n        test_table\n        (name)\n      VALUES\n        (:name)\n    ","level":"error","timestamp":"2017-08-28T02:40:42.691Z"}
{"level":"info","message":"/test/insert requestId>","timestamp":"2017-08-28T02:44:08.801Z"}
{"level":"info","message":"queryEscape() \n      INSERT INTO\n        test_table\n        (name)\n      VALUES\n        (:name)\n    ","timestamp":"2017-08-28T02:44:08.811Z"}
{"level":"info","message":"testDao::insertUser() >  28 ms","timestamp":"2017-08-28T02:44:08.838Z"}
{"message":"error in mysql query()","stack":"Error: ER_PARSE_ERROR: You have an error in your SQL syntax; check the manual that corresponds to your MySQL server version for the right syntax to use near ':name)' at line 2\n    at Query.Sequence._packetToError (/Users/xingbofeng/workspace/myserver/node_modules/.2.14.1@mysql/lib/protocol/sequences/Sequence.js:52:14)\n    at Query.ErrorPacket (/Users/xingbofeng/workspace/myserver/node_modules/.2.14.1@mysql/lib/protocol/sequences/Query.js:77:18)\n    at Protocol._parsePacket (/Users/xingbofeng/workspace/myserver/node_modules/.2.14.1@mysql/lib/protocol/Protocol.js:279:23)\n    at Parser.write (/Users/xingbofeng/workspace/myserver/node_modules/.2.14.1@mysql/lib/protocol/Parser.js:76:12)\n    at Protocol.write (/Users/xingbofeng/workspace/myserver/node_modules/.2.14.1@mysql/lib/protocol/Protocol.js:39:16)\n    at Socket.<anonymous> (/Users/xingbofeng/workspace/myserver/node_modules/.2.14.1@mysql/lib/Connection.js:103:28)\n    at emitOne (events.js:115:13)\n    at Socket.emit (events.js:210:7)\n    at addChunk (_stream_readable.js:252:12)\n    at readableAddChunk (_stream_readable.js:239:11)\n    at Socket.Readable.push (_stream_readable.js:197:10)\n    at TCP.onread (net.js:589:20)\n    --------------------\n    at Pool.query (/Users/xingbofeng/workspace/myserver/node_modules/.2.14.1@mysql/lib/Pool.js:199:23)\n    at Promise (/Users/xingbofeng/workspace/myserver/util/db_util.js:59:17)\n    at Promise (<anonymous>)\n    at DbUtil.query (/Users/xingbofeng/workspace/myserver/util/db_util.js:58:12)\n    at DbUtil.queryEscape (/Users/xingbofeng/workspace/myserver/util/db_util.js:54:17)\n    at testDao.insertUser (/Users/xingbofeng/workspace/myserver/dao/test_dao.js:20:19)\n    at testDao.<anonymous> (/Users/xingbofeng/workspace/myserver/framework/base/base_class.js:35:27)\n    at testService.insert (/Users/xingbofeng/workspace/myserver/service/test_service.js:10:26)\n    at testService.<anonymous> (/Users/xingbofeng/workspace/myserver/framework/base/base_class.js:28:33)\n    at TestRouter.getInsert (/Users/xingbofeng/workspace/myserver/router/test_router.js:13:34)\n    at TestRouter.<anonymous> (/Users/xingbofeng/workspace/myserver/framework/base/base_class.js:28:33)\n    at dispatch (/Users/xingbofeng/workspace/myserver/node_modules/.3.2.1@koa-compose/index.js:44:32)\n    at next (/Users/xingbofeng/workspace/myserver/node_modules/.3.2.1@koa-compose/index.js:45:18)\n    at /Users/xingbofeng/workspace/myserver/node_modules/.7.2.1@koa-router/lib/router.js:345:16\n    at dispatch (/Users/xingbofeng/workspace/myserver/node_modules/.3.2.1@koa-compose/index.js:44:32)\n    at next (/Users/xingbofeng/workspace/myserver/node_modules/.3.2.1@koa-compose/index.js:45:18)","code":"ER_PARSE_ERROR","errno":1064,"sqlMessage":"You have an error in your SQL syntax; check the manual that corresponds to your MySQL server version for the right syntax to use near ':name)' at line 2","sqlState":"42000","index":0,"sql":"\n      INSERT INTO\n        test_table\n        (name)\n      VALUES\n        (:name)\n    ","level":"error","timestamp":"2017-08-28T02:44:08.894Z"}
{"level":"info","message":"/test/insert requestId>","timestamp":"2017-08-28T02:44:10.677Z"}
{"level":"info","message":"queryEscape() \n      INSERT INTO\n        test_table\n        (name)\n      VALUES\n        (:name)\n    ","timestamp":"2017-08-28T02:44:10.679Z"}
{"level":"info","message":"testDao::insertUser() >  5 ms","timestamp":"2017-08-28T02:44:10.684Z"}
{"message":"error in mysql query()","stack":"Error: ER_PARSE_ERROR: You have an error in your SQL syntax; check the manual that corresponds to your MySQL server version for the right syntax to use near ':name)' at line 2\n    at Query.Sequence._packetToError (/Users/xingbofeng/workspace/myserver/node_modules/.2.14.1@mysql/lib/protocol/sequences/Sequence.js:52:14)\n    at Query.ErrorPacket (/Users/xingbofeng/workspace/myserver/node_modules/.2.14.1@mysql/lib/protocol/sequences/Query.js:77:18)\n    at Protocol._parsePacket (/Users/xingbofeng/workspace/myserver/node_modules/.2.14.1@mysql/lib/protocol/Protocol.js:279:23)\n    at Parser.write (/Users/xingbofeng/workspace/myserver/node_modules/.2.14.1@mysql/lib/protocol/Parser.js:76:12)\n    at Protocol.write (/Users/xingbofeng/workspace/myserver/node_modules/.2.14.1@mysql/lib/protocol/Protocol.js:39:16)\n    at Socket.<anonymous> (/Users/xingbofeng/workspace/myserver/node_modules/.2.14.1@mysql/lib/Connection.js:103:28)\n    at emitOne (events.js:115:13)\n    at Socket.emit (events.js:210:7)\n    at addChunk (_stream_readable.js:252:12)\n    at readableAddChunk (_stream_readable.js:239:11)\n    at Socket.Readable.push (_stream_readable.js:197:10)\n    at TCP.onread (net.js:589:20)\n    --------------------\n    at Pool.query (/Users/xingbofeng/workspace/myserver/node_modules/.2.14.1@mysql/lib/Pool.js:199:23)\n    at Promise (/Users/xingbofeng/workspace/myserver/util/db_util.js:59:17)\n    at Promise (<anonymous>)\n    at DbUtil.query (/Users/xingbofeng/workspace/myserver/util/db_util.js:58:12)\n    at DbUtil.queryEscape (/Users/xingbofeng/workspace/myserver/util/db_util.js:54:17)\n    at testDao.insertUser (/Users/xingbofeng/workspace/myserver/dao/test_dao.js:20:19)\n    at testDao.<anonymous> (/Users/xingbofeng/workspace/myserver/framework/base/base_class.js:35:27)\n    at testService.insert (/Users/xingbofeng/workspace/myserver/service/test_service.js:10:26)\n    at testService.<anonymous> (/Users/xingbofeng/workspace/myserver/framework/base/base_class.js:28:33)\n    at TestRouter.getInsert (/Users/xingbofeng/workspace/myserver/router/test_router.js:13:34)\n    at TestRouter.<anonymous> (/Users/xingbofeng/workspace/myserver/framework/base/base_class.js:28:33)\n    at dispatch (/Users/xingbofeng/workspace/myserver/node_modules/.3.2.1@koa-compose/index.js:44:32)\n    at next (/Users/xingbofeng/workspace/myserver/node_modules/.3.2.1@koa-compose/index.js:45:18)\n    at /Users/xingbofeng/workspace/myserver/node_modules/.7.2.1@koa-router/lib/router.js:345:16\n    at dispatch (/Users/xingbofeng/workspace/myserver/node_modules/.3.2.1@koa-compose/index.js:44:32)\n    at next (/Users/xingbofeng/workspace/myserver/node_modules/.3.2.1@koa-compose/index.js:45:18)","code":"ER_PARSE_ERROR","errno":1064,"sqlMessage":"You have an error in your SQL syntax; check the manual that corresponds to your MySQL server version for the right syntax to use near ':name)' at line 2","sqlState":"42000","index":0,"sql":"\n      INSERT INTO\n        test_table\n        (name)\n      VALUES\n        (:name)\n    ","level":"error","timestamp":"2017-08-28T02:44:10.687Z"}
{"level":"info","message":"/test/insert requestId>","timestamp":"2017-08-28T02:45:29.160Z"}
{"level":"info","message":"queryEscape() \n      INSERT INTO\n        test_table\n        (name)\n      VALUES\n        ('Encounter')\n    ","timestamp":"2017-08-28T02:45:29.168Z"}
{"level":"info","message":"testDao::insertUser() >  23 ms","timestamp":"2017-08-28T02:45:29.188Z"}
{"fieldCount":0,"affectedRows":1,"insertId":2,"serverStatus":2,"warningCount":0,"message":"query()","protocol41":true,"changedRows":0,"level":"info","timestamp":"2017-08-28T02:45:29.239Z"}
{"level":"info","message":"testService::insert() >  76 ms","timestamp":"2017-08-28T02:45:29.241Z"}
{"level":"info","message":"TestRouter::getInsert() >  85 ms","timestamp":"2017-08-28T02:45:29.248Z"}
{"level":"info","message":"/test/test requestId>","timestamp":"2017-08-28T02:45:39.190Z"}
{"level":"info","message":"queryEscape() \n      SELECT\n        *\n      FROM\n        test_table\n    ","timestamp":"2017-08-28T02:45:39.193Z"}
{"level":"info","message":"testDao::getAllData() >  5 ms","timestamp":"2017-08-28T02:45:39.197Z"}
{"0":{"id":1,"name":"游客"},"1":{"id":2,"name":"Encounter"},"level":"info","message":"query()","timestamp":"2017-08-28T02:45:39.205Z"}
{"level":"info","message":"testService::test() >  14 ms","timestamp":"2017-08-28T02:45:39.206Z"}
{"level":"info","message":"TestRouter::getTest() >  17 ms","timestamp":"2017-08-28T02:45:39.208Z"}
{"level":"info","message":"404","timestamp":"2018-03-30T03:51:11.168Z"}
{"level":"info","message":"404","timestamp":"2018-03-30T03:51:11.215Z"}
{"level":"info","message":"404","timestamp":"2018-03-30T03:51:11.687Z"}
{"level":"info","message":"404","timestamp":"2018-03-30T03:51:17.254Z"}
{"level":"info","message":"/test/test requestId>","timestamp":"2018-03-30T03:51:30.111Z"}
{"level":"info","message":"queryEscape() \n      SELECT\n        *\n      FROM\n        user_info\n    ","timestamp":"2018-03-30T03:51:30.111Z"}
{"level":"info","message":"testDao::getAllData() >  2 ms","timestamp":"2018-03-30T03:51:30.113Z"}
[]
{"level":"info","message":"testService::test() >  8 ms","timestamp":"2018-03-30T03:51:30.119Z"}
{"level":"info","message":"TestRouter::getTest() >  9 ms","timestamp":"2018-03-30T03:51:30.120Z"}
{"level":"info","message":"404","timestamp":"2018-03-30T03:51:37.183Z"}
{"level":"info","message":"/test requestId>","timestamp":"2018-03-30T03:51:40.178Z"}
{"level":"info","message":"queryEscape() \n      SELECT\n        *\n      FROM\n        user_info\n    ","timestamp":"2018-03-30T03:51:40.179Z"}
{"level":"info","message":"testDao::getAllData() >  2 ms","timestamp":"2018-03-30T03:51:40.180Z"}
[]
{"level":"info","message":"testService::test() >  9 ms","timestamp":"2018-03-30T03:51:40.188Z"}
{"level":"info","message":"TestRouter::getTest() >  10 ms","timestamp":"2018-03-30T03:51:40.188Z"}
{"level":"info","message":"/test requestId>","timestamp":"2018-03-30T03:51:41.016Z"}
{"level":"info","message":"queryEscape() \n      SELECT\n        *\n      FROM\n        user_info\n    ","timestamp":"2018-03-30T03:51:41.016Z"}
{"level":"info","message":"testDao::getAllData() >  1 ms","timestamp":"2018-03-30T03:51:41.017Z"}
[]
{"level":"info","message":"testService::test() >  2 ms","timestamp":"2018-03-30T03:51:41.018Z"}
{"level":"info","message":"TestRouter::getTest() >  3 ms","timestamp":"2018-03-30T03:51:41.019Z"}
{"level":"info","message":"404","timestamp":"2018-03-30T07:40:57.434Z"}
{"level":"info","message":"404","timestamp":"2018-03-30T07:41:07.322Z"}
{"level":"info","message":"404","timestamp":"2018-03-30T07:41:12.598Z"}
{"level":"info","message":"404","timestamp":"2018-03-30T07:41:15.007Z"}
{"level":"info","message":"/test/test requestId>","timestamp":"2018-03-30T07:41:30.187Z"}
{"level":"info","message":"queryEscape() \n      SELECT\n        *\n      FROM\n        user_info\n    ","timestamp":"2018-03-30T07:41:30.187Z"}
{"level":"info","message":"testDao::getAllData() >  2 ms","timestamp":"2018-03-30T07:41:30.189Z"}
[]
{"level":"info","message":"testService::test() >  17 ms","timestamp":"2018-03-30T07:41:30.204Z"}
{"level":"info","message":"TestRouter::getTest() >  18 ms","timestamp":"2018-03-30T07:41:30.206Z"}
{"level":"info","message":"/test/insert requestId>","timestamp":"2018-03-30T07:41:38.667Z"}
{"level":"info","message":"/test/insert requestId>","timestamp":"2018-03-30T07:42:15.150Z"}
{"level":"info","message":"/test/insert requestId>","timestamp":"2018-03-30T07:43:18.155Z"}
{"level":"info","message":"/test/insert requestId>","timestamp":"2018-03-30T07:43:36.278Z"}
{"level":"info","message":"/test/insert requestId>","timestamp":"2018-03-30T07:44:19.943Z"}
{"level":"info","message":"queryEscape() \n      INSERT INTO\n        user_info\n        (name)\n      VALUES\n        ('admin')\n    ","timestamp":"2018-03-30T07:44:19.954Z"}
{"level":"info","message":"testDao::insertUser() >  2 ms","timestamp":"2018-03-30T07:44:19.956Z"}
{"message":"error in mysql query()","stack":"Error: ER_BAD_FIELD_ERROR: Unknown column 'name' in 'field list'\n    at Query.Sequence._packetToError (/Users/encounter/workspace/generator-naive/generators/app/templates/node_modules/mysql/lib/protocol/sequences/Sequence.js:52:14)\n    at Query.ErrorPacket (/Users/encounter/workspace/generator-naive/generators/app/templates/node_modules/mysql/lib/protocol/sequences/Query.js:77:18)\n    at Protocol._parsePacket (/Users/encounter/workspace/generator-naive/generators/app/templates/node_modules/mysql/lib/protocol/Protocol.js:279:23)\n    at Parser.write (/Users/encounter/workspace/generator-naive/generators/app/templates/node_modules/mysql/lib/protocol/Parser.js:76:12)\n    at Protocol.write (/Users/encounter/workspace/generator-naive/generators/app/templates/node_modules/mysql/lib/protocol/Protocol.js:39:16)\n    at Socket.<anonymous> (/Users/encounter/workspace/generator-naive/generators/app/templates/node_modules/mysql/lib/Connection.js:103:28)\n    at Socket.emit (events.js:159:13)\n    at addChunk (_stream_readable.js:265:12)\n    at readableAddChunk (_stream_readable.js:252:11)\n    at Socket.Readable.push (_stream_readable.js:209:10)\n    at TCP.onread (net.js:608:20)\n    --------------------\n    at Pool.query (/Users/encounter/workspace/generator-naive/generators/app/templates/node_modules/mysql/lib/Pool.js:199:23)\n    at Promise (/Users/encounter/workspace/generator-naive/generators/app/templates/util/db_util.js:59:17)\n    at new Promise (<anonymous>)\n    at DbUtil.query (/Users/encounter/workspace/generator-naive/generators/app/templates/util/db_util.js:58:12)\n    at DbUtil.queryEscape (/Users/encounter/workspace/generator-naive/generators/app/templates/util/db_util.js:54:17)\n    at testDao.insertUser (/Users/encounter/workspace/generator-naive/generators/app/templates/dao/test_dao.js:20:19)\n    at testDao.<anonymous> (/Users/encounter/workspace/generator-naive/generators/app/templates/framework/base/base_class.js:35:27)\n    at testService.insert (/Users/encounter/workspace/generator-naive/generators/app/templates/service/test_service.js:10:26)\n    at testService.<anonymous> (/Users/encounter/workspace/generator-naive/generators/app/templates/framework/base/base_class.js:28:33)\n    at TestRouter.postInsert (/Users/encounter/workspace/generator-naive/generators/app/templates/router/test_router.js:29:34)\n    at TestRouter.<anonymous> (/Users/encounter/workspace/generator-naive/generators/app/templates/framework/base/base_class.js:28:33)\n    at dispatch (/Users/encounter/workspace/generator-naive/generators/app/templates/node_modules/koa-router/node_modules/koa-compose/index.js:44:32)\n    at next (/Users/encounter/workspace/generator-naive/generators/app/templates/node_modules/koa-router/node_modules/koa-compose/index.js:45:18)\n    at /Users/encounter/workspace/generator-naive/generators/app/templates/node_modules/koa-router/lib/router.js:346:16\n    at dispatch (/Users/encounter/workspace/generator-naive/generators/app/templates/node_modules/koa-router/node_modules/koa-compose/index.js:44:32)\n    at next (/Users/encounter/workspace/generator-naive/generators/app/templates/node_modules/koa-router/node_modules/koa-compose/index.js:45:18)","code":"ER_BAD_FIELD_ERROR","errno":1054,"sqlMessage":"Unknown column 'name' in 'field list'","sqlState":"42S22","index":0,"sql":"\n      INSERT INTO\n        user_info\n        (name)\n      VALUES\n        ('admin')\n    ","level":"error","timestamp":"2018-03-30T07:44:19.967Z"}
{"level":"info","message":"/test/insert requestId>","timestamp":"2018-03-30T07:44:50.983Z"}
{"level":"info","message":"queryEscape() \n      INSERT INTO\n        user_info\n        (name)\n      VALUES\n        ('admin')\n    ","timestamp":"2018-03-30T07:44:50.989Z"}
{"level":"info","message":"testDao::insertUser() >  3 ms","timestamp":"2018-03-30T07:44:50.991Z"}
{"message":"error in mysql query()","stack":"Error: ER_BAD_FIELD_ERROR: Unknown column 'name' in 'field list'\n    at Query.Sequence._packetToError (/Users/encounter/workspace/generator-naive/generators/app/templates/node_modules/mysql/lib/protocol/sequences/Sequence.js:52:14)\n    at Query.ErrorPacket (/Users/encounter/workspace/generator-naive/generators/app/templates/node_modules/mysql/lib/protocol/sequences/Query.js:77:18)\n    at Protocol._parsePacket (/Users/encounter/workspace/generator-naive/generators/app/templates/node_modules/mysql/lib/protocol/Protocol.js:279:23)\n    at Parser.write (/Users/encounter/workspace/generator-naive/generators/app/templates/node_modules/mysql/lib/protocol/Parser.js:76:12)\n    at Protocol.write (/Users/encounter/workspace/generator-naive/generators/app/templates/node_modules/mysql/lib/protocol/Protocol.js:39:16)\n    at Socket.<anonymous> (/Users/encounter/workspace/generator-naive/generators/app/templates/node_modules/mysql/lib/Connection.js:103:28)\n    at Socket.emit (events.js:159:13)\n    at addChunk (_stream_readable.js:265:12)\n    at readableAddChunk (_stream_readable.js:252:11)\n    at Socket.Readable.push (_stream_readable.js:209:10)\n    at TCP.onread (net.js:608:20)\n    --------------------\n    at Pool.query (/Users/encounter/workspace/generator-naive/generators/app/templates/node_modules/mysql/lib/Pool.js:199:23)\n    at Promise (/Users/encounter/workspace/generator-naive/generators/app/templates/util/db_util.js:59:17)\n    at new Promise (<anonymous>)\n    at DbUtil.query (/Users/encounter/workspace/generator-naive/generators/app/templates/util/db_util.js:58:12)\n    at DbUtil.queryEscape (/Users/encounter/workspace/generator-naive/generators/app/templates/util/db_util.js:54:17)\n    at testDao.insertUser (/Users/encounter/workspace/generator-naive/generators/app/templates/dao/test_dao.js:20:19)\n    at testDao.<anonymous> (/Users/encounter/workspace/generator-naive/generators/app/templates/framework/base/base_class.js:35:27)\n    at testService.insert (/Users/encounter/workspace/generator-naive/generators/app/templates/service/test_service.js:10:26)\n    at testService.<anonymous> (/Users/encounter/workspace/generator-naive/generators/app/templates/framework/base/base_class.js:28:33)\n    at TestRouter.postInsert (/Users/encounter/workspace/generator-naive/generators/app/templates/router/test_router.js:29:34)\n    at TestRouter.<anonymous> (/Users/encounter/workspace/generator-naive/generators/app/templates/framework/base/base_class.js:28:33)\n    at dispatch (/Users/encounter/workspace/generator-naive/generators/app/templates/node_modules/koa-router/node_modules/koa-compose/index.js:44:32)\n    at next (/Users/encounter/workspace/generator-naive/generators/app/templates/node_modules/koa-router/node_modules/koa-compose/index.js:45:18)\n    at /Users/encounter/workspace/generator-naive/generators/app/templates/node_modules/koa-router/lib/router.js:346:16\n    at dispatch (/Users/encounter/workspace/generator-naive/generators/app/templates/node_modules/koa-router/node_modules/koa-compose/index.js:44:32)\n    at next (/Users/encounter/workspace/generator-naive/generators/app/templates/node_modules/koa-router/node_modules/koa-compose/index.js:45:18)","code":"ER_BAD_FIELD_ERROR","errno":1054,"sqlMessage":"Unknown column 'name' in 'field list'","sqlState":"42S22","index":0,"sql":"\n      INSERT INTO\n        user_info\n        (name)\n      VALUES\n        ('admin')\n    ","level":"error","timestamp":"2018-03-30T07:44:51.004Z"}
{"level":"info","message":"/test/insert requestId>","timestamp":"2018-03-30T07:45:02.612Z"}
{"level":"info","message":"TestRouter::postInsert() >  4 ms","timestamp":"2018-03-30T07:45:02.616Z"}
{"level":"info","message":"/test/insert requestId>","timestamp":"2018-03-30T07:45:56.240Z"}
{"level":"info","message":"TestRouter::postInsert() >  33837 ms","timestamp":"2018-03-30T07:46:30.077Z"}
{"level":"info","message":"/test/insert requestId>","timestamp":"2018-03-30T07:50:09.704Z"}
{"level":"info","message":"TestRouter::postInsert() >  5 ms","timestamp":"2018-03-30T07:50:09.710Z"}
{"level":"info","message":"/test/insert requestId>","timestamp":"2018-03-30T07:50:25.694Z"}
{"level":"info","message":"TestRouter::postInsert() >  4 ms","timestamp":"2018-03-30T07:50:25.699Z"}
{"level":"info","message":"/test/insert requestId>","timestamp":"2018-03-30T07:52:30.014Z"}
{"level":"info","message":"queryEscape() \n      INSERT INTO\n        user_info\n        (name)\n      VALUES\n        ('admin')\n    ","timestamp":"2018-03-30T07:52:39.863Z"}
{"level":"info","message":"testDao::insertUser() >  4 ms","timestamp":"2018-03-30T07:52:39.866Z"}
{"message":"error in mysql query()","stack":"Error: ER_BAD_FIELD_ERROR: Unknown column 'name' in 'field list'\n    at Query.Sequence._packetToError (/Users/encounter/workspace/generator-naive/generators/app/templates/node_modules/mysql/lib/protocol/sequences/Sequence.js:52:14)\n    at Query.ErrorPacket (/Users/encounter/workspace/generator-naive/generators/app/templates/node_modules/mysql/lib/protocol/sequences/Query.js:77:18)\n    at Protocol._parsePacket (/Users/encounter/workspace/generator-naive/generators/app/templates/node_modules/mysql/lib/protocol/Protocol.js:279:23)\n    at Parser.write (/Users/encounter/workspace/generator-naive/generators/app/templates/node_modules/mysql/lib/protocol/Parser.js:76:12)\n    at Protocol.write (/Users/encounter/workspace/generator-naive/generators/app/templates/node_modules/mysql/lib/protocol/Protocol.js:39:16)\n    at Socket.<anonymous> (/Users/encounter/workspace/generator-naive/generators/app/templates/node_modules/mysql/lib/Connection.js:103:28)\n    at Socket.emit (events.js:159:13)\n    at addChunk (_stream_readable.js:265:12)\n    at readableAddChunk (_stream_readable.js:252:11)\n    at Socket.Readable.push (_stream_readable.js:209:10)\n    at TCP.onread (net.js:608:20)\n    --------------------\n    at Pool.query (/Users/encounter/workspace/generator-naive/generators/app/templates/node_modules/mysql/lib/Pool.js:199:23)\n    at Promise (/Users/encounter/workspace/generator-naive/generators/app/templates/util/db_util.js:59:17)\n    at new Promise (<anonymous>)\n    at DbUtil.query (/Users/encounter/workspace/generator-naive/generators/app/templates/util/db_util.js:58:12)\n    at DbUtil.queryEscape (/Users/encounter/workspace/generator-naive/generators/app/templates/util/db_util.js:54:17)\n    at testDao.insertUser (/Users/encounter/workspace/generator-naive/generators/app/templates/dao/test_dao.js:20:19)\n    at testDao.<anonymous> (/Users/encounter/workspace/generator-naive/generators/app/templates/framework/base/base_class.js:35:27)\n    at testService.insert (/Users/encounter/workspace/generator-naive/generators/app/templates/service/test_service.js:10:26)\n    at testService.<anonymous> (/Users/encounter/workspace/generator-naive/generators/app/templates/framework/base/base_class.js:28:33)\n    at TestRouter.postInsert (/Users/encounter/workspace/generator-naive/generators/app/templates/router/test_router.js:29:34)\n    at TestRouter.<anonymous> (/Users/encounter/workspace/generator-naive/generators/app/templates/framework/base/base_class.js:28:33)\n    at dispatch (/Users/encounter/workspace/generator-naive/generators/app/templates/node_modules/koa-router/node_modules/koa-compose/index.js:44:32)\n    at next (/Users/encounter/workspace/generator-naive/generators/app/templates/node_modules/koa-router/node_modules/koa-compose/index.js:45:18)\n    at /Users/encounter/workspace/generator-naive/generators/app/templates/node_modules/koa-router/lib/router.js:346:16\n    at dispatch (/Users/encounter/workspace/generator-naive/generators/app/templates/node_modules/koa-router/node_modules/koa-compose/index.js:44:32)\n    at next (/Users/encounter/workspace/generator-naive/generators/app/templates/node_modules/koa-router/node_modules/koa-compose/index.js:45:18)","code":"ER_BAD_FIELD_ERROR","errno":1054,"sqlMessage":"Unknown column 'name' in 'field list'","sqlState":"42S22","index":0,"sql":"\n      INSERT INTO\n        user_info\n        (name)\n      VALUES\n        ('admin')\n    ","level":"error","timestamp":"2018-03-30T07:52:39.890Z"}
{"level":"info","message":"/test/insert requestId>","timestamp":"2018-03-30T07:54:32.589Z"}
{"level":"info","message":"queryEscape() \n      INSERT INTO\n        user_info\n        (name)\n      VALUES\n        ('admin')\n    ","timestamp":"2018-03-30T07:54:52.372Z"}
{"level":"info","message":"testDao::insertUser() >  4 ms","timestamp":"2018-03-30T07:54:52.376Z"}
{"message":"error in mysql query()","stack":"Error: ER_BAD_FIELD_ERROR: Unknown column 'name' in 'field list'\n    at Query.Sequence._packetToError (/Users/encounter/workspace/generator-naive/generators/app/templates/node_modules/mysql/lib/protocol/sequences/Sequence.js:52:14)\n    at Query.ErrorPacket (/Users/encounter/workspace/generator-naive/generators/app/templates/node_modules/mysql/lib/protocol/sequences/Query.js:77:18)\n    at Protocol._parsePacket (/Users/encounter/workspace/generator-naive/generators/app/templates/node_modules/mysql/lib/protocol/Protocol.js:279:23)\n    at Parser.write (/Users/encounter/workspace/generator-naive/generators/app/templates/node_modules/mysql/lib/protocol/Parser.js:76:12)\n    at Protocol.write (/Users/encounter/workspace/generator-naive/generators/app/templates/node_modules/mysql/lib/protocol/Protocol.js:39:16)\n    at Socket.<anonymous> (/Users/encounter/workspace/generator-naive/generators/app/templates/node_modules/mysql/lib/Connection.js:103:28)\n    at Socket.emit (events.js:159:13)\n    at addChunk (_stream_readable.js:265:12)\n    at readableAddChunk (_stream_readable.js:252:11)\n    at Socket.Readable.push (_stream_readable.js:209:10)\n    at TCP.onread (net.js:608:20)\n    --------------------\n    at Pool.query (/Users/encounter/workspace/generator-naive/generators/app/templates/node_modules/mysql/lib/Pool.js:199:23)\n    at Promise (/Users/encounter/workspace/generator-naive/generators/app/templates/util/db_util.js:59:17)\n    at new Promise (<anonymous>)\n    at DbUtil.query (/Users/encounter/workspace/generator-naive/generators/app/templates/util/db_util.js:58:12)\n    at DbUtil.queryEscape (/Users/encounter/workspace/generator-naive/generators/app/templates/util/db_util.js:54:17)\n    at testDao.insertUser (/Users/encounter/workspace/generator-naive/generators/app/templates/dao/test_dao.js:20:19)\n    at testDao.<anonymous> (/Users/encounter/workspace/generator-naive/generators/app/templates/framework/base/base_class.js:35:27)\n    at testService.insert (/Users/encounter/workspace/generator-naive/generators/app/templates/service/test_service.js:10:26)\n    at testService.<anonymous> (/Users/encounter/workspace/generator-naive/generators/app/templates/framework/base/base_class.js:28:33)\n    at TestRouter.postInsert (/Users/encounter/workspace/generator-naive/generators/app/templates/router/test_router.js:29:34)\n    at TestRouter.<anonymous> (/Users/encounter/workspace/generator-naive/generators/app/templates/framework/base/base_class.js:28:33)\n    at dispatch (/Users/encounter/workspace/generator-naive/generators/app/templates/node_modules/koa-router/node_modules/koa-compose/index.js:44:32)\n    at next (/Users/encounter/workspace/generator-naive/generators/app/templates/node_modules/koa-router/node_modules/koa-compose/index.js:45:18)\n    at /Users/encounter/workspace/generator-naive/generators/app/templates/node_modules/koa-router/lib/router.js:346:16\n    at dispatch (/Users/encounter/workspace/generator-naive/generators/app/templates/node_modules/koa-router/node_modules/koa-compose/index.js:44:32)\n    at next (/Users/encounter/workspace/generator-naive/generators/app/templates/node_modules/koa-router/node_modules/koa-compose/index.js:45:18)","code":"ER_BAD_FIELD_ERROR","errno":1054,"sqlMessage":"Unknown column 'name' in 'field list'","sqlState":"42S22","index":0,"sql":"\n      INSERT INTO\n        user_info\n        (name)\n      VALUES\n        ('admin')\n    ","level":"error","timestamp":"2018-03-30T07:54:52.385Z"}
{"level":"info","message":"/test/insert requestId>","timestamp":"2018-03-30T07:55:13.081Z"}
{"level":"info","message":"queryEscape() \n      INSERT INTO\n        user_info\n        (name)\n      VALUES\n        ('admin')\n    ","timestamp":"2018-03-30T07:55:19.379Z"}
{"level":"info","message":"testDao::insertUser() >  11753 ms","timestamp":"2018-03-30T07:55:24.835Z"}
{"message":"error in mysql query()","stack":"Error: ER_BAD_FIELD_ERROR: Unknown column 'name' in 'field list'\n    at Query.Sequence._packetToError (/Users/encounter/workspace/generator-naive/generators/app/templates/node_modules/mysql/lib/protocol/sequences/Sequence.js:52:14)\n    at Query.ErrorPacket (/Users/encounter/workspace/generator-naive/generators/app/templates/node_modules/mysql/lib/protocol/sequences/Query.js:77:18)\n    at Protocol._parsePacket (/Users/encounter/workspace/generator-naive/generators/app/templates/node_modules/mysql/lib/protocol/Protocol.js:279:23)\n    at Parser.write (/Users/encounter/workspace/generator-naive/generators/app/templates/node_modules/mysql/lib/protocol/Parser.js:76:12)\n    at Protocol.write (/Users/encounter/workspace/generator-naive/generators/app/templates/node_modules/mysql/lib/protocol/Protocol.js:39:16)\n    at Socket.<anonymous> (/Users/encounter/workspace/generator-naive/generators/app/templates/node_modules/mysql/lib/Connection.js:103:28)\n    at Socket.emit (events.js:159:13)\n    at addChunk (_stream_readable.js:265:12)\n    at readableAddChunk (_stream_readable.js:252:11)\n    at Socket.Readable.push (_stream_readable.js:209:10)\n    at TCP.onread (net.js:608:20)\n    --------------------\n    at Pool.query (/Users/encounter/workspace/generator-naive/generators/app/templates/node_modules/mysql/lib/Pool.js:199:23)\n    at Promise (/Users/encounter/workspace/generator-naive/generators/app/templates/util/db_util.js:59:17)\n    at new Promise (<anonymous>)\n    at DbUtil.query (/Users/encounter/workspace/generator-naive/generators/app/templates/util/db_util.js:58:12)\n    at DbUtil.queryEscape (/Users/encounter/workspace/generator-naive/generators/app/templates/util/db_util.js:54:17)\n    at testDao.insertUser (/Users/encounter/workspace/generator-naive/generators/app/templates/dao/test_dao.js:20:19)\n    at testDao.<anonymous> (/Users/encounter/workspace/generator-naive/generators/app/templates/framework/base/base_class.js:35:27)\n    at testService.insert (/Users/encounter/workspace/generator-naive/generators/app/templates/service/test_service.js:10:26)\n    at testService.<anonymous> (/Users/encounter/workspace/generator-naive/generators/app/templates/framework/base/base_class.js:28:33)\n    at TestRouter.postInsert (/Users/encounter/workspace/generator-naive/generators/app/templates/router/test_router.js:29:34)\n    at TestRouter.<anonymous> (/Users/encounter/workspace/generator-naive/generators/app/templates/framework/base/base_class.js:28:33)\n    at dispatch (/Users/encounter/workspace/generator-naive/generators/app/templates/node_modules/koa-router/node_modules/koa-compose/index.js:44:32)\n    at next (/Users/encounter/workspace/generator-naive/generators/app/templates/node_modules/koa-router/node_modules/koa-compose/index.js:45:18)\n    at /Users/encounter/workspace/generator-naive/generators/app/templates/node_modules/koa-router/lib/router.js:346:16\n    at dispatch (/Users/encounter/workspace/generator-naive/generators/app/templates/node_modules/koa-router/node_modules/koa-compose/index.js:44:32)\n    at next (/Users/encounter/workspace/generator-naive/generators/app/templates/node_modules/koa-router/node_modules/koa-compose/index.js:45:18)","code":"ER_BAD_FIELD_ERROR","errno":1054,"sqlMessage":"Unknown column 'name' in 'field list'","sqlState":"42S22","index":0,"sql":"\n      INSERT INTO\n        user_info\n        (name)\n      VALUES\n        ('admin')\n    ","level":"error","timestamp":"2018-03-30T07:55:56.206Z"}
{"level":"info","message":"/test/insert requestId>","timestamp":"2018-03-30T08:02:34.399Z"}
{"level":"info","message":"queryEscape() \n      INSERT INTO\n        user_info\n        (user_xuming, user_mobile)\n      VALUES\n        (12, 123)\n    ","timestamp":"2018-03-30T08:02:34.404Z"}
{"level":"info","message":"testDao::insertUser() >  3 ms","timestamp":"2018-03-30T08:02:34.406Z"}
{"fieldCount":0,"affectedRows":1,"insertId":2,"serverStatus":2,"warningCount":0,"message":"query()","protocol41":true,"changedRows":0,"level":"info","timestamp":"2018-03-30T08:02:34.419Z"}
{"level":"info","message":"testService::insert() >  16 ms","timestamp":"2018-03-30T08:02:34.419Z"}
{"level":"info","message":"TestRouter::postInsert() >  23 ms","timestamp":"2018-03-30T08:02:34.422Z"}
{"level":"info","message":"/test/insert requestId>","timestamp":"2018-03-30T08:02:40.516Z"}
{"level":"info","message":"queryEscape() \n      INSERT INTO\n        user_info\n        (user_xuming, user_mobile)\n      VALUES\n        (12, 123)\n    ","timestamp":"2018-03-30T08:02:40.517Z"}
{"level":"info","message":"testDao::insertUser() >  2 ms","timestamp":"2018-03-30T08:02:40.519Z"}
{"fieldCount":0,"affectedRows":1,"insertId":3,"serverStatus":2,"warningCount":0,"message":"query()","protocol41":true,"changedRows":0,"level":"info","timestamp":"2018-03-30T08:02:40.526Z"}
{"level":"info","message":"testService::insert() >  9 ms","timestamp":"2018-03-30T08:02:40.526Z"}
{"level":"info","message":"TestRouter::postInsert() >  10 ms","timestamp":"2018-03-30T08:02:40.527Z"}
{"level":"info","message":"/test/test requestId>","timestamp":"2018-03-30T08:03:18.689Z"}
{"level":"info","message":"queryEscape() \n      SELECT\n        *\n      FROM\n        user_info\n    ","timestamp":"2018-03-30T08:03:18.690Z"}
{"level":"info","message":"testDao::getAllData() >  1 ms","timestamp":"2018-03-30T08:03:18.691Z"}
[{"user_id":1,"created_at":"2018-03-30T07:58:46.000Z","last_login":"2018-03-30T07:58:46.000Z","last_xuming":"2018-03-30T07:58:46.000Z","user_name":"","user_email":"","user_password":"","user_mobile":700820,"user_ avatar":null,"user_introduce":null,"user_xuming":10,"user_address":null,"user_created_ip":null,"user_login_ip":null},{"user_id":2,"created_at":"2018-03-30T08:02:34.000Z","last_login":"2018-03-30T08:02:34.000Z","last_xuming":"2018-03-30T08:02:34.000Z","user_name":"","user_email":"","user_password":"","user_mobile":123,"user_ avatar":null,"user_introduce":null,"user_xuming":12,"user_address":null,"user_created_ip":null,"user_login_ip":null},{"user_id":3,"created_at":"2018-03-30T08:02:40.000Z","last_login":"2018-03-30T08:02:40.000Z","last_xuming":"2018-03-30T08:02:40.000Z","user_name":"","user_email":"","user_password":"","user_mobile":123,"user_ avatar":null,"user_introduce":null,"user_xuming":12,"user_address":null,"user_created_ip":null,"user_login_ip":null}]
{"level":"info","message":"testService::test() >  4 ms","timestamp":"2018-03-30T08:03:18.694Z"}
{"level":"info","message":"TestRouter::getTest() >  5 ms","timestamp":"2018-03-30T08:03:18.695Z"}
{"level":"info","message":"/test/test requestId>","timestamp":"2018-03-30T08:09:17.560Z"}
{"level":"info","message":"queryEscape() \n      SELECT\n        *\n      FROM\n        user_info\n    ","timestamp":"2018-03-30T08:09:17.562Z"}
{"level":"info","message":"testDao::getAllData() >  3 ms","timestamp":"2018-03-30T08:09:17.565Z"}
[{"user_id":1,"created_at":"2018-03-30T07:58:46.000Z","last_login":"2018-03-30T07:58:46.000Z","last_xuming":"2018-03-30T07:58:46.000Z","user_name":"","user_email":"","user_password":"","user_mobile":700820,"user_ avatar":null,"user_introduce":null,"user_xuming":10,"user_address":null,"user_created_ip":null,"user_login_ip":null},{"user_id":2,"created_at":"2018-03-30T08:02:34.000Z","last_login":"2018-03-30T08:02:34.000Z","last_xuming":"2018-03-30T08:02:34.000Z","user_name":"","user_email":"","user_password":"","user_mobile":123,"user_ avatar":null,"user_introduce":null,"user_xuming":12,"user_address":null,"user_created_ip":null,"user_login_ip":null},{"user_id":3,"created_at":"2018-03-30T08:02:40.000Z","last_login":"2018-03-30T08:02:40.000Z","last_xuming":"2018-03-30T08:02:40.000Z","user_name":"","user_email":"","user_password":"","user_mobile":123,"user_ avatar":null,"user_introduce":null,"user_xuming":12,"user_address":null,"user_created_ip":null,"user_login_ip":null}]
{"level":"info","message":"testService::test() >  16 ms","timestamp":"2018-03-30T08:09:17.578Z"}
{"level":"info","message":"TestRouter::getTest() >  22 ms","timestamp":"2018-03-30T08:09:17.583Z"}
